[INFO ] 2021-02-18 12:58:18,014 SSServer - started on port8080
[INFO ] 2021-02-18 12:58:25,806 SSServer - handler added
[INFO ] 2021-02-18 12:58:30,685 HHHandler - IN: {}
[INFO ] 2021-02-18 12:58:44,025 HHHandler - IN: {aaaa:bbbb}
[INFO ] 2021-02-18 12:58:50,252 SSServer - handler removed
[INFO ] 2021-02-18 13:02:13,194 SSServer - started on port8080
[INFO ] 2021-02-18 13:02:26,662 SSServer - handler added
[INFO ] 2021-02-18 13:02:30,978 HHHandler - IN: {}
[INFO ] 2021-02-18 13:02:37,085 SSServer - handler removed
[INFO ] 2021-02-18 13:05:17,428 SSServer - started on port8080
[INFO ] 2021-02-18 13:05:39,459 SSServer - handler added
[INFO ] 2021-02-18 13:05:52,752 SSServer - handler removed
[INFO ] 2021-02-18 13:06:58,257 SSServer - handler added
[INFO ] 2021-02-18 13:07:33,561 HHHandler - IN: {aaa: bbbb}
[INFO ] 2021-02-18 13:08:13,816 SSServer - handler removed
[INFO ] 2021-02-18 13:09:54,700 SSServer - started on port8080
[INFO ] 2021-02-18 13:10:07,625 SSServer - handler added
[INFO ] 2021-02-18 13:10:12,646 SSServer - handler removed
[INFO ] 2021-02-18 13:10:46,197 SSServer - started on port8080
[INFO ] 2021-02-18 13:11:27,649 SSServer - handler added
[INFO ] 2021-02-18 13:11:32,348 SSServer - handler removed
[INFO ] 2021-02-18 13:17:53,253 SSServer - started on port8080
[INFO ] 2021-02-18 13:18:28,440 SSServer - handler added
[INFO ] 2021-02-18 13:18:49,933 HHHandler - IN: {aaa:bbb}
[INFO ] 2021-02-18 13:19:28,163 HHHandler - IN: {aaa:bbb:ccc}
[INFO ] 2021-02-18 13:25:54,929 SSServer - started on port8080
[INFO ] 2021-02-18 13:26:02,265 SSServer - handler added
[INFO ] 2021-02-18 13:26:14,622 SSServer - handler removed
[INFO ] 2021-02-18 13:26:22,908 SSServer - handler added
[INFO ] 2021-02-18 13:26:31,233 SSServer - handler removed
[INFO ] 2021-02-18 13:26:52,033 SSServer - handler added
[INFO ] 2021-02-18 13:26:59,342 HHHandler - IN: {}
[INFO ] 2021-02-18 13:27:50,960 SSServer - started on port8080
[INFO ] 2021-02-18 13:27:59,172 SSServer - handler added
[INFO ] 2021-02-18 13:28:06,152 SSServer - handler removed
[INFO ] 2021-02-18 13:29:36,735 SSServer - started on port8080
[INFO ] 2021-02-18 13:29:50,599 SSServer - handler added
[INFO ] 2021-02-18 13:30:01,533 SSServer - handler removed
[INFO ] 2021-02-18 13:37:31,853 SSServer - started on port8080
[INFO ] 2021-02-18 13:37:42,357 SSServer - handler added
[INFO ] 2021-02-18 13:37:49,833 SSServer - handler removed
